<?xml version="1.0" encoding="UTF-8"?>
<!-- Generated by org.testng.reporters.JUnitReportReporter -->
<testsuite hostname="DESKTOP-JU4G1B3" failures="0" tests="1" name="pages.HomePageTest" time="17.407" errors="0" timestamp="2024-03-04T11:58:29 EST" skipped="0">
  <testcase classname="pages.HomePageTest" name="clickSearchFieldTest" time="17.407"/>
</testsuite> <!-- pages.HomePageTest -->
